  DrawController.cpp
C:\Users\jux7e\Documents\Maga\GameTemplate\Texture.h(3,1): warning C4005: '_CRT_SECURE_NO_DEPRECATE': macro redefinition
C:\Users\jux7e\Documents\Maga\GameTemplate\DrawController.cpp : message : see previous definition of '_CRT_SECURE_NO_DEPRECATE'
C:\Users\jux7e\Documents\Maga\GameTemplate\Components.h(199,1): warning C4267: 'initializing': conversion from 'size_t' to 'int', possible loss of data
C:\Users\jux7e\Documents\Maga\GameTemplate\Components.h(200,1): warning C4267: 'initializing': conversion from 'size_t' to 'int', possible loss of data
  Game.cpp
C:\Users\jux7e\Documents\Maga\GameTemplate\Texture.h(3,1): warning C4005: '_CRT_SECURE_NO_DEPRECATE': macro redefinition
C:\Users\jux7e\Documents\Maga\GameTemplate\Game.cpp : message : see previous definition of '_CRT_SECURE_NO_DEPRECATE'
C:\Users\jux7e\Documents\Maga\GameTemplate\Components.h(199,1): warning C4267: 'initializing': conversion from 'size_t' to 'int', possible loss of data
C:\Users\jux7e\Documents\Maga\GameTemplate\Components.h(200,1): warning C4267: 'initializing': conversion from 'size_t' to 'int', possible loss of data
C:\Users\jux7e\Documents\Maga\GameTemplate\Tube.h(12,56): warning C4244: 'argument': conversion from 'const int' to 'float', possible loss of data
C:\Users\jux7e\Documents\Maga\GameTemplate\Tube.h(12,36): warning C4244: 'argument': conversion from 'const int' to 'float', possible loss of data
C:\Users\jux7e\Documents\Maga\GameTemplate\TubesPair.h(25,95): warning C4244: '=': conversion from 'int' to 'float', possible loss of data
C:\Users\jux7e\Documents\Maga\GameTemplate\TubesPair.h(26,72): warning C4244: '=': conversion from 'int' to 'float', possible loss of data
C:\Users\jux7e\Documents\Maga\GameTemplate\TextureReader.h(65,30): warning C4244: 'initializing': conversion from 'float' to 'int', possible loss of data
C:\Users\jux7e\Documents\Maga\GameTemplate\TextureReader.h(66,29): warning C4244: 'initializing': conversion from 'float' to 'int', possible loss of data
C:\Users\jux7e\Documents\Maga\GameTemplate\Bird.h(12,56): warning C4244: 'argument': conversion from 'const int' to 'float', possible loss of data
C:\Users\jux7e\Documents\Maga\GameTemplate\Bird.h(12,36): warning C4244: 'argument': conversion from 'const int' to 'float', possible loss of data
C:\Users\jux7e\Documents\Maga\GameTemplate\Game.cpp(84,71): warning C4305: 'argument': truncation from 'double' to 'float'
C:\Users\jux7e\Documents\Maga\GameTemplate\Game.cpp(90,48): warning C4305: 'argument': truncation from 'double' to 'float'
C:\Users\jux7e\Documents\Maga\GameTemplate\Game.cpp(91,51): warning C4305: 'argument': truncation from 'double' to 'float'
C:\Users\jux7e\Documents\Maga\GameTemplate\Game.cpp(106,15): warning C4244: 'argument': conversion from 'time_t' to 'unsigned int', possible loss of data
C:\Users\jux7e\Documents\Maga\GameTemplate\Game.cpp(113,40): warning C4305: 'argument': truncation from 'double' to 'float'
C:\Users\jux7e\Documents\Maga\GameTemplate\Game.cpp(120,44): warning C4244: '=': conversion from 'int' to 'float', possible loss of data
  Physics.cpp
C:\Users\jux7e\Documents\Maga\GameTemplate\Texture.h(3,1): warning C4005: '_CRT_SECURE_NO_DEPRECATE': macro redefinition
C:\Users\jux7e\Documents\Maga\GameTemplate\Physics.cpp : message : see previous definition of '_CRT_SECURE_NO_DEPRECATE'
C:\Users\jux7e\Documents\Maga\GameTemplate\Components.h(199,1): warning C4267: 'initializing': conversion from 'size_t' to 'int', possible loss of data
C:\Users\jux7e\Documents\Maga\GameTemplate\Components.h(200,1): warning C4267: 'initializing': conversion from 'size_t' to 'int', possible loss of data
  Generating Code...
  GameTemplate.vcxproj -> C:\Users\jux7e\Documents\Maga\GameTemplate\x64\Debug\GameTemplate.exe
